Running: C:\Xilinx\14.6\ISE_DS\ISE\bin\nt64\unwrapped\fuse.exe -intstyle ise -incremental -lib unisims_ver -lib unimacro_ver -lib xilinxcorelib_ver -lib secureip -o E:/CS M152A/lab4/score_main_isim_beh.exe -prj E:/CS M152A/lab4/score_main_beh.prj work.score_main work.glbl 
ISim P.68d (signature 0x7708f090)
Number of CPUs detected in this system: 2
Turning on mult-threading, number of parallel sub-compilation jobs: 4 
Determining compilation order of HDL files
Analyzing Verilog file "E:/CS M152A/lab4/score_display.v" into library work
Analyzing Verilog file "E:/CS M152A/lab4/score_counter.v" into library work
Analyzing Verilog file "E:/CS M152A/lab4/debounce - Copy.v" into library work
Analyzing Verilog file "E:/CS M152A/lab4/score_main.v" into library work
Analyzing Verilog file "C:/Xilinx/14.6/ISE_DS/ISE//verilog/src/glbl.v" into library work
Starting static elaboration
Completed static elaboration
Compiling module debounce
Compiling module score_counter
Compiling module score_display
Compiling module score_main
Compiling module glbl
Time Resolution for simulation is 1ps.
Waiting for 2 sub-compilation(s) to finish...
Compiled 5 Verilog Units
Built simulation executable E:/CS M152A/lab4/score_main_isim_beh.exe
Fuse Memory Usage: 26920 KB
Fuse CPU Usage: 529 ms
